{"C:\\git\\Brewery-Shipping-Service\\src\\config\\config.ts": {"path":"C:\\git\\Brewery-Shipping-Service\\src\\config\\config.ts","statementMap":{"0":{"start":{"line":1,"column":0},"end":{"line":1,"column":33}},"1":{"start":{"line":3,"column":0},"end":{"line":7,"column":3}},"2":{"start":{"line":9,"column":20},"end":{"line":9,"column":57}},"3":{"start":{"line":10,"column":24},"end":{"line":10,"column":78}},"4":{"start":{"line":11,"column":13},"end":{"line":11,"column":39}},"5":{"start":{"line":12,"column":19},"end":{"line":12,"column":47}},"6":{"start":{"line":21,"column":13},"end":{"line":26,"column":2}}},"fnMap":{},"branchMap":{"0":{"loc":{"start":{"line":5,"column":15},"end":{"line":5,"column":46}},"type":"binary-expr","locations":[{"start":{"line":5,"column":15},"end":{"line":5,"column":35}},{"start":{"line":5,"column":39},"end":{"line":5,"column":46}}]},"1":{"loc":{"start":{"line":9,"column":20},"end":{"line":9,"column":57}},"type":"binary-expr","locations":[{"start":{"line":9,"column":20},"end":{"line":9,"column":40}},{"start":{"line":9,"column":44},"end":{"line":9,"column":57}}]},"2":{"loc":{"start":{"line":10,"column":24},"end":{"line":10,"column":78}},"type":"cond-expr","locations":[{"start":{"line":10,"column":51},"end":{"line":10,"column":55}},{"start":{"line":10,"column":55},"end":{"line":10,"column":78}}]},"3":{"loc":{"start":{"line":10,"column":24},"end":{"line":10,"column":55}},"type":"binary-expr","locations":[{"start":{"line":10,"column":24},"end":{"line":10,"column":55}},{"start":{"line":10,"column":51},"end":{"line":10,"column":55}}]},"4":{"loc":{"start":{"line":11,"column":13},"end":{"line":11,"column":39}},"type":"cond-expr","locations":[{"start":{"line":11,"column":29},"end":{"line":11,"column":33}},{"start":{"line":11,"column":33},"end":{"line":11,"column":39}}]},"5":{"loc":{"start":{"line":11,"column":13},"end":{"line":11,"column":33}},"type":"binary-expr","locations":[{"start":{"line":11,"column":13},"end":{"line":11,"column":33}},{"start":{"line":11,"column":29},"end":{"line":11,"column":33}}]},"6":{"loc":{"start":{"line":12,"column":19},"end":{"line":12,"column":47}},"type":"cond-expr","locations":[{"start":{"line":12,"column":41},"end":{"line":12,"column":45}},{"start":{"line":12,"column":45},"end":{"line":12,"column":47}}]},"7":{"loc":{"start":{"line":12,"column":19},"end":{"line":12,"column":45}},"type":"binary-expr","locations":[{"start":{"line":12,"column":19},"end":{"line":12,"column":45}},{"start":{"line":12,"column":41},"end":{"line":12,"column":45}}]}},"s":{"0":5,"1":5,"2":5,"3":5,"4":5,"5":5,"6":5},"f":{},"b":{"0":[5,1],"1":[5,1],"2":[2,3],"3":[5,5],"4":[3,2],"5":[5,5],"6":[2,3],"7":[5,5]}}
,"C:\\git\\Brewery-Shipping-Service\\src\\controllers\\shippingController.ts": {"path":"C:\\git\\Brewery-Shipping-Service\\src\\controllers\\shippingController.ts","statementMap":{"0":{"start":{"line":2,"column":0},"end":{"line":2,"column":53}},"1":{"start":{"line":3,"column":0},"end":{"line":3,"column":26}},"2":{"start":{"line":4,"column":0},"end":{"line":4,"column":42}},"3":{"start":{"line":8,"column":18},"end":{"line":8,"column":55}},"4":{"start":{"line":9,"column":18},"end":{"line":9,"column":60}},"5":{"start":{"line":16,"column":17},"end":{"line":16,"column":38}},"6":{"start":{"line":17,"column":2},"end":{"line":20,"column":3}},"7":{"start":{"line":18,"column":3},"end":{"line":18,"column":52}},"8":{"start":{"line":19,"column":3},"end":{"line":19,"column":10}},"9":{"start":{"line":22,"column":17},"end":{"line":22,"column":29}},"10":{"start":{"line":23,"column":2},"end":{"line":26,"column":3}},"11":{"start":{"line":24,"column":3},"end":{"line":24,"column":53}},"12":{"start":{"line":25,"column":3},"end":{"line":25,"column":10}},"13":{"start":{"line":28,"column":2},"end":{"line":65,"column":3}},"14":{"start":{"line":29,"column":25},"end":{"line":30,"column":null}},"15":{"start":{"line":32,"column":3},"end":{"line":38,"column":4}},"16":{"start":{"line":34,"column":4},"end":{"line":36,"column":7}},"17":{"start":{"line":37,"column":4},"end":{"line":37,"column":11}},"18":{"start":{"line":40,"column":24},"end":{"line":48,"column":5}},"19":{"start":{"line":50,"column":20},"end":{"line":52,"column":null}},"20":{"start":{"line":54,"column":3},"end":{"line":54,"column":39}},"21":{"start":{"line":56,"column":3},"end":{"line":59,"column":5}},"22":{"start":{"line":60,"column":3},"end":{"line":64,"column":6}},"23":{"start":{"line":73,"column":2},"end":{"line":91,"column":3}},"24":{"start":{"line":74,"column":20},"end":{"line":75,"column":null}},"25":{"start":{"line":77,"column":3},"end":{"line":80,"column":4}},"26":{"start":{"line":78,"column":4},"end":{"line":78,"column":54}},"27":{"start":{"line":79,"column":4},"end":{"line":79,"column":11}},"28":{"start":{"line":81,"column":3},"end":{"line":81,"column":39}},"29":{"start":{"line":83,"column":3},"end":{"line":86,"column":5}},"30":{"start":{"line":87,"column":3},"end":{"line":90,"column":6}},"31":{"start":{"line":99,"column":2},"end":{"line":99,"column":41}},"32":{"start":{"line":100,"column":17},"end":{"line":100,"column":38}},"33":{"start":{"line":101,"column":2},"end":{"line":101,"column":56}},"34":{"start":{"line":102,"column":2},"end":{"line":106,"column":3}},"35":{"start":{"line":103,"column":3},"end":{"line":103,"column":53}},"36":{"start":{"line":104,"column":3},"end":{"line":104,"column":52}},"37":{"start":{"line":105,"column":3},"end":{"line":105,"column":10}},"38":{"start":{"line":108,"column":2},"end":{"line":153,"column":3}},"39":{"start":{"line":109,"column":28},"end":{"line":110,"column":null}},"40":{"start":{"line":112,"column":3},"end":{"line":115,"column":4}},"41":{"start":{"line":113,"column":4},"end":{"line":113,"column":54}},"42":{"start":{"line":114,"column":4},"end":{"line":114,"column":11}},"43":{"start":{"line":117,"column":22},"end":{"line":122,"column":5}},"44":{"start":{"line":124,"column":20},"end":{"line":126,"column":null}},"45":{"start":{"line":130,"column":3},"end":{"line":140,"column":4}},"46":{"start":{"line":131,"column":4},"end":{"line":139,"column":6}},"47":{"start":{"line":142,"column":3},"end":{"line":142,"column":39}},"48":{"start":{"line":144,"column":3},"end":{"line":147,"column":5}},"49":{"start":{"line":148,"column":3},"end":{"line":152,"column":6}},"50":{"start":{"line":161,"column":2},"end":{"line":183,"column":3}},"51":{"start":{"line":162,"column":25},"end":{"line":163,"column":null}},"52":{"start":{"line":165,"column":3},"end":{"line":168,"column":4}},"53":{"start":{"line":166,"column":4},"end":{"line":166,"column":54}},"54":{"start":{"line":167,"column":4},"end":{"line":167,"column":11}},"55":{"start":{"line":169,"column":20},"end":{"line":170,"column":null}},"56":{"start":{"line":172,"column":3},"end":{"line":172,"column":39}},"57":{"start":{"line":174,"column":3},"end":{"line":177,"column":5}},"58":{"start":{"line":178,"column":3},"end":{"line":182,"column":6}},"59":{"start":{"line":191,"column":2},"end":{"line":219,"column":3}},"60":{"start":{"line":192,"column":28},"end":{"line":193,"column":null}},"61":{"start":{"line":195,"column":3},"end":{"line":198,"column":4}},"62":{"start":{"line":196,"column":4},"end":{"line":196,"column":54}},"63":{"start":{"line":197,"column":4},"end":{"line":197,"column":11}},"64":{"start":{"line":199,"column":3},"end":{"line":204,"column":4}},"65":{"start":{"line":200,"column":4},"end":{"line":202,"column":7}},"66":{"start":{"line":203,"column":4},"end":{"line":203,"column":11}},"67":{"start":{"line":205,"column":3},"end":{"line":207,"column":5}},"68":{"start":{"line":208,"column":3},"end":{"line":208,"column":70}},"69":{"start":{"line":210,"column":3},"end":{"line":213,"column":5}},"70":{"start":{"line":214,"column":3},"end":{"line":218,"column":6}},"71":{"start":{"line":7,"column":0},"end":{"line":7,"column":13}}},"fnMap":{"0":{"name":"(anonymous_8)","decl":{"start":{"line":7,"column":0},"end":{"line":7,"column":13}},"loc":{"start":{"line":7,"column":0},"end":{"line":221,"column":1}}},"1":{"name":"(anonymous_9)","decl":{"start":{"line":11,"column":7},"end":{"line":11,"column":21}},"loc":{"start":{"line":14,"column":20},"end":{"line":66,"column":null}}},"2":{"name":"(anonymous_11)","decl":{"start":{"line":68,"column":7},"end":{"line":68,"column":18}},"loc":{"start":{"line":71,"column":20},"end":{"line":92,"column":null}}},"3":{"name":"(anonymous_13)","decl":{"start":{"line":94,"column":7},"end":{"line":94,"column":27}},"loc":{"start":{"line":97,"column":20},"end":{"line":154,"column":null}}},"4":{"name":"(anonymous_15)","decl":{"start":{"line":156,"column":7},"end":{"line":156,"column":25}},"loc":{"start":{"line":159,"column":20},"end":{"line":184,"column":null}}},"5":{"name":"(anonymous_17)","decl":{"start":{"line":186,"column":7},"end":{"line":186,"column":21}},"loc":{"start":{"line":189,"column":20},"end":{"line":220,"column":null}}}},"branchMap":{"0":{"loc":{"start":{"line":17,"column":2},"end":{"line":20,"column":3}},"type":"if","locations":[{"start":{"line":17,"column":2},"end":{"line":20,"column":3}}]},"1":{"loc":{"start":{"line":22,"column":17},"end":{"line":22,"column":29}},"type":"cond-expr","locations":[{"start":{"line":22,"column":25},"end":{"line":22,"column":27}},{"start":{"line":22,"column":25},"end":{"line":22,"column":29}}]},"2":{"loc":{"start":{"line":22,"column":17},"end":{"line":22,"column":27}},"type":"binary-expr","locations":[{"start":{"line":22,"column":17},"end":{"line":22,"column":27}},{"start":{"line":22,"column":25},"end":{"line":22,"column":27}}]},"3":{"loc":{"start":{"line":23,"column":2},"end":{"line":26,"column":3}},"type":"if","locations":[{"start":{"line":23,"column":2},"end":{"line":26,"column":3}}]},"4":{"loc":{"start":{"line":32,"column":3},"end":{"line":38,"column":4}},"type":"if","locations":[{"start":{"line":32,"column":3},"end":{"line":38,"column":4}}]},"5":{"loc":{"start":{"line":58,"column":4},"end":{"line":58,"column":41}},"type":"binary-expr","locations":[{"start":{"line":58,"column":4},"end":{"line":58,"column":24}},{"start":{"line":58,"column":28},"end":{"line":58,"column":41}}]},"6":{"loc":{"start":{"line":58,"column":4},"end":{"line":58,"column":24}},"type":"cond-expr","locations":[{"start":{"line":58,"column":18},"end":{"line":58,"column":20}},{"start":{"line":58,"column":18},"end":{"line":58,"column":24}}]},"7":{"loc":{"start":{"line":58,"column":4},"end":{"line":58,"column":20}},"type":"binary-expr","locations":[{"start":{"line":58,"column":4},"end":{"line":58,"column":20}},{"start":{"line":58,"column":18},"end":{"line":58,"column":20}}]},"8":{"loc":{"start":{"line":60,"column":14},"end":{"line":60,"column":43}},"type":"binary-expr","locations":[{"start":{"line":60,"column":14},"end":{"line":60,"column":36}},{"start":{"line":60,"column":40},"end":{"line":60,"column":43}}]},"9":{"loc":{"start":{"line":60,"column":14},"end":{"line":60,"column":36}},"type":"cond-expr","locations":[{"start":{"line":60,"column":28},"end":{"line":60,"column":30}},{"start":{"line":60,"column":28},"end":{"line":60,"column":36}}]},"10":{"loc":{"start":{"line":60,"column":14},"end":{"line":60,"column":30}},"type":"binary-expr","locations":[{"start":{"line":60,"column":14},"end":{"line":60,"column":30}},{"start":{"line":60,"column":28},"end":{"line":60,"column":30}}]},"11":{"loc":{"start":{"line":62,"column":5},"end":{"line":62,"column":63}},"type":"binary-expr","locations":[{"start":{"line":62,"column":5},"end":{"line":62,"column":34}},{"start":{"line":62,"column":38},"end":{"line":62,"column":63}}]},"12":{"loc":{"start":{"line":62,"column":5},"end":{"line":62,"column":34}},"type":"cond-expr","locations":[{"start":{"line":62,"column":25},"end":{"line":62,"column":27}},{"start":{"line":62,"column":25},"end":{"line":62,"column":34}}]},"13":{"loc":{"start":{"line":62,"column":5},"end":{"line":62,"column":27}},"type":"binary-expr","locations":[{"start":{"line":62,"column":5},"end":{"line":62,"column":27}},{"start":{"line":62,"column":25},"end":{"line":62,"column":27}}]},"14":{"loc":{"start":{"line":62,"column":5},"end":{"line":62,"column":25}},"type":"cond-expr","locations":[{"start":{"line":62,"column":19},"end":{"line":62,"column":21}},{"start":{"line":62,"column":19},"end":{"line":62,"column":25}}]},"15":{"loc":{"start":{"line":62,"column":5},"end":{"line":62,"column":21}},"type":"binary-expr","locations":[{"start":{"line":62,"column":5},"end":{"line":62,"column":21}},{"start":{"line":62,"column":19},"end":{"line":62,"column":21}}]},"16":{"loc":{"start":{"line":63,"column":11},"end":{"line":63,"column":56}},"type":"binary-expr","locations":[{"start":{"line":63,"column":11},"end":{"line":63,"column":39}},{"start":{"line":63,"column":43},"end":{"line":63,"column":56}}]},"17":{"loc":{"start":{"line":63,"column":11},"end":{"line":63,"column":39}},"type":"cond-expr","locations":[{"start":{"line":63,"column":31},"end":{"line":63,"column":33}},{"start":{"line":63,"column":31},"end":{"line":63,"column":39}}]},"18":{"loc":{"start":{"line":63,"column":11},"end":{"line":63,"column":33}},"type":"binary-expr","locations":[{"start":{"line":63,"column":11},"end":{"line":63,"column":33}},{"start":{"line":63,"column":31},"end":{"line":63,"column":33}}]},"19":{"loc":{"start":{"line":63,"column":11},"end":{"line":63,"column":31}},"type":"cond-expr","locations":[{"start":{"line":63,"column":25},"end":{"line":63,"column":27}},{"start":{"line":63,"column":25},"end":{"line":63,"column":31}}]},"20":{"loc":{"start":{"line":63,"column":11},"end":{"line":63,"column":27}},"type":"binary-expr","locations":[{"start":{"line":63,"column":11},"end":{"line":63,"column":27}},{"start":{"line":63,"column":25},"end":{"line":63,"column":27}}]},"21":{"loc":{"start":{"line":77,"column":3},"end":{"line":80,"column":4}},"type":"if","locations":[{"start":{"line":77,"column":3},"end":{"line":80,"column":4}}]},"22":{"loc":{"start":{"line":77,"column":7},"end":{"line":77,"column":19}},"type":"cond-expr","locations":[{"start":{"line":77,"column":15},"end":{"line":77,"column":17}},{"start":{"line":77,"column":15},"end":{"line":77,"column":19}}]},"23":{"loc":{"start":{"line":77,"column":7},"end":{"line":77,"column":17}},"type":"binary-expr","locations":[{"start":{"line":77,"column":7},"end":{"line":77,"column":17}},{"start":{"line":77,"column":15},"end":{"line":77,"column":17}}]},"24":{"loc":{"start":{"line":85,"column":4},"end":{"line":85,"column":41}},"type":"binary-expr","locations":[{"start":{"line":85,"column":4},"end":{"line":85,"column":24}},{"start":{"line":85,"column":28},"end":{"line":85,"column":41}}]},"25":{"loc":{"start":{"line":85,"column":4},"end":{"line":85,"column":24}},"type":"cond-expr","locations":[{"start":{"line":85,"column":18},"end":{"line":85,"column":20}},{"start":{"line":85,"column":18},"end":{"line":85,"column":24}}]},"26":{"loc":{"start":{"line":85,"column":4},"end":{"line":85,"column":20}},"type":"binary-expr","locations":[{"start":{"line":85,"column":4},"end":{"line":85,"column":20}},{"start":{"line":85,"column":18},"end":{"line":85,"column":20}}]},"27":{"loc":{"start":{"line":87,"column":14},"end":{"line":87,"column":43}},"type":"binary-expr","locations":[{"start":{"line":87,"column":14},"end":{"line":87,"column":36}},{"start":{"line":87,"column":40},"end":{"line":87,"column":43}}]},"28":{"loc":{"start":{"line":87,"column":14},"end":{"line":87,"column":36}},"type":"cond-expr","locations":[{"start":{"line":87,"column":28},"end":{"line":87,"column":30}},{"start":{"line":87,"column":28},"end":{"line":87,"column":36}}]},"29":{"loc":{"start":{"line":87,"column":14},"end":{"line":87,"column":30}},"type":"binary-expr","locations":[{"start":{"line":87,"column":14},"end":{"line":87,"column":30}},{"start":{"line":87,"column":28},"end":{"line":87,"column":30}}]},"30":{"loc":{"start":{"line":88,"column":13},"end":{"line":88,"column":66}},"type":"binary-expr","locations":[{"start":{"line":88,"column":13},"end":{"line":88,"column":42}},{"start":{"line":88,"column":46},"end":{"line":88,"column":66}}]},"31":{"loc":{"start":{"line":88,"column":13},"end":{"line":88,"column":42}},"type":"cond-expr","locations":[{"start":{"line":88,"column":33},"end":{"line":88,"column":35}},{"start":{"line":88,"column":33},"end":{"line":88,"column":42}}]},"32":{"loc":{"start":{"line":88,"column":13},"end":{"line":88,"column":35}},"type":"binary-expr","locations":[{"start":{"line":88,"column":13},"end":{"line":88,"column":35}},{"start":{"line":88,"column":33},"end":{"line":88,"column":35}}]},"33":{"loc":{"start":{"line":88,"column":13},"end":{"line":88,"column":33}},"type":"cond-expr","locations":[{"start":{"line":88,"column":27},"end":{"line":88,"column":29}},{"start":{"line":88,"column":27},"end":{"line":88,"column":33}}]},"34":{"loc":{"start":{"line":88,"column":13},"end":{"line":88,"column":29}},"type":"binary-expr","locations":[{"start":{"line":88,"column":13},"end":{"line":88,"column":29}},{"start":{"line":88,"column":27},"end":{"line":88,"column":29}}]},"35":{"loc":{"start":{"line":89,"column":11},"end":{"line":89,"column":56}},"type":"binary-expr","locations":[{"start":{"line":89,"column":11},"end":{"line":89,"column":39}},{"start":{"line":89,"column":43},"end":{"line":89,"column":56}}]},"36":{"loc":{"start":{"line":89,"column":11},"end":{"line":89,"column":39}},"type":"cond-expr","locations":[{"start":{"line":89,"column":31},"end":{"line":89,"column":33}},{"start":{"line":89,"column":31},"end":{"line":89,"column":39}}]},"37":{"loc":{"start":{"line":89,"column":11},"end":{"line":89,"column":33}},"type":"binary-expr","locations":[{"start":{"line":89,"column":11},"end":{"line":89,"column":33}},{"start":{"line":89,"column":31},"end":{"line":89,"column":33}}]},"38":{"loc":{"start":{"line":89,"column":11},"end":{"line":89,"column":31}},"type":"cond-expr","locations":[{"start":{"line":89,"column":25},"end":{"line":89,"column":27}},{"start":{"line":89,"column":25},"end":{"line":89,"column":31}}]},"39":{"loc":{"start":{"line":89,"column":11},"end":{"line":89,"column":27}},"type":"binary-expr","locations":[{"start":{"line":89,"column":11},"end":{"line":89,"column":27}},{"start":{"line":89,"column":25},"end":{"line":89,"column":27}}]},"40":{"loc":{"start":{"line":102,"column":2},"end":{"line":106,"column":3}},"type":"if","locations":[{"start":{"line":102,"column":2},"end":{"line":106,"column":3}}]},"41":{"loc":{"start":{"line":112,"column":3},"end":{"line":115,"column":4}},"type":"if","locations":[{"start":{"line":112,"column":3},"end":{"line":115,"column":4}}]},"42":{"loc":{"start":{"line":112,"column":7},"end":{"line":112,"column":19}},"type":"cond-expr","locations":[{"start":{"line":112,"column":15},"end":{"line":112,"column":17}},{"start":{"line":112,"column":15},"end":{"line":112,"column":19}}]},"43":{"loc":{"start":{"line":112,"column":7},"end":{"line":112,"column":17}},"type":"binary-expr","locations":[{"start":{"line":112,"column":7},"end":{"line":112,"column":17}},{"start":{"line":112,"column":15},"end":{"line":112,"column":17}}]},"44":{"loc":{"start":{"line":120,"column":5},"end":{"line":121,"column":41}},"type":"binary-expr","locations":[{"start":{"line":120,"column":5},"end":{"line":120,"column":29}},{"start":{"line":121,"column":5},"end":{"line":121,"column":41}}]},"45":{"loc":{"start":{"line":130,"column":3},"end":{"line":140,"column":4}},"type":"if","locations":[{"start":{"line":130,"column":3},"end":{"line":140,"column":4}}]},"46":{"loc":{"start":{"line":146,"column":4},"end":{"line":146,"column":41}},"type":"binary-expr","locations":[{"start":{"line":146,"column":4},"end":{"line":146,"column":24}},{"start":{"line":146,"column":28},"end":{"line":146,"column":41}}]},"47":{"loc":{"start":{"line":146,"column":4},"end":{"line":146,"column":24}},"type":"cond-expr","locations":[{"start":{"line":146,"column":18},"end":{"line":146,"column":20}},{"start":{"line":146,"column":18},"end":{"line":146,"column":24}}]},"48":{"loc":{"start":{"line":146,"column":4},"end":{"line":146,"column":20}},"type":"binary-expr","locations":[{"start":{"line":146,"column":4},"end":{"line":146,"column":20}},{"start":{"line":146,"column":18},"end":{"line":146,"column":20}}]},"49":{"loc":{"start":{"line":148,"column":14},"end":{"line":148,"column":43}},"type":"binary-expr","locations":[{"start":{"line":148,"column":14},"end":{"line":148,"column":36}},{"start":{"line":148,"column":40},"end":{"line":148,"column":43}}]},"50":{"loc":{"start":{"line":148,"column":14},"end":{"line":148,"column":36}},"type":"cond-expr","locations":[{"start":{"line":148,"column":28},"end":{"line":148,"column":30}},{"start":{"line":148,"column":28},"end":{"line":148,"column":36}}]},"51":{"loc":{"start":{"line":148,"column":14},"end":{"line":148,"column":30}},"type":"binary-expr","locations":[{"start":{"line":148,"column":14},"end":{"line":148,"column":30}},{"start":{"line":148,"column":28},"end":{"line":148,"column":30}}]},"52":{"loc":{"start":{"line":150,"column":5},"end":{"line":150,"column":63}},"type":"binary-expr","locations":[{"start":{"line":150,"column":5},"end":{"line":150,"column":34}},{"start":{"line":150,"column":38},"end":{"line":150,"column":63}}]},"53":{"loc":{"start":{"line":150,"column":5},"end":{"line":150,"column":34}},"type":"cond-expr","locations":[{"start":{"line":150,"column":25},"end":{"line":150,"column":27}},{"start":{"line":150,"column":25},"end":{"line":150,"column":34}}]},"54":{"loc":{"start":{"line":150,"column":5},"end":{"line":150,"column":27}},"type":"binary-expr","locations":[{"start":{"line":150,"column":5},"end":{"line":150,"column":27}},{"start":{"line":150,"column":25},"end":{"line":150,"column":27}}]},"55":{"loc":{"start":{"line":150,"column":5},"end":{"line":150,"column":25}},"type":"cond-expr","locations":[{"start":{"line":150,"column":19},"end":{"line":150,"column":21}},{"start":{"line":150,"column":19},"end":{"line":150,"column":25}}]},"56":{"loc":{"start":{"line":150,"column":5},"end":{"line":150,"column":21}},"type":"binary-expr","locations":[{"start":{"line":150,"column":5},"end":{"line":150,"column":21}},{"start":{"line":150,"column":19},"end":{"line":150,"column":21}}]},"57":{"loc":{"start":{"line":151,"column":11},"end":{"line":151,"column":56}},"type":"binary-expr","locations":[{"start":{"line":151,"column":11},"end":{"line":151,"column":39}},{"start":{"line":151,"column":43},"end":{"line":151,"column":56}}]},"58":{"loc":{"start":{"line":151,"column":11},"end":{"line":151,"column":39}},"type":"cond-expr","locations":[{"start":{"line":151,"column":31},"end":{"line":151,"column":33}},{"start":{"line":151,"column":31},"end":{"line":151,"column":39}}]},"59":{"loc":{"start":{"line":151,"column":11},"end":{"line":151,"column":33}},"type":"binary-expr","locations":[{"start":{"line":151,"column":11},"end":{"line":151,"column":33}},{"start":{"line":151,"column":31},"end":{"line":151,"column":33}}]},"60":{"loc":{"start":{"line":151,"column":11},"end":{"line":151,"column":31}},"type":"cond-expr","locations":[{"start":{"line":151,"column":25},"end":{"line":151,"column":27}},{"start":{"line":151,"column":25},"end":{"line":151,"column":31}}]},"61":{"loc":{"start":{"line":151,"column":11},"end":{"line":151,"column":27}},"type":"binary-expr","locations":[{"start":{"line":151,"column":11},"end":{"line":151,"column":27}},{"start":{"line":151,"column":25},"end":{"line":151,"column":27}}]},"62":{"loc":{"start":{"line":165,"column":3},"end":{"line":168,"column":4}},"type":"if","locations":[{"start":{"line":165,"column":3},"end":{"line":168,"column":4}}]},"63":{"loc":{"start":{"line":165,"column":7},"end":{"line":165,"column":19}},"type":"cond-expr","locations":[{"start":{"line":165,"column":15},"end":{"line":165,"column":17}},{"start":{"line":165,"column":15},"end":{"line":165,"column":19}}]},"64":{"loc":{"start":{"line":165,"column":7},"end":{"line":165,"column":17}},"type":"binary-expr","locations":[{"start":{"line":165,"column":7},"end":{"line":165,"column":17}},{"start":{"line":165,"column":15},"end":{"line":165,"column":17}}]},"65":{"loc":{"start":{"line":176,"column":4},"end":{"line":176,"column":41}},"type":"binary-expr","locations":[{"start":{"line":176,"column":4},"end":{"line":176,"column":24}},{"start":{"line":176,"column":28},"end":{"line":176,"column":41}}]},"66":{"loc":{"start":{"line":176,"column":4},"end":{"line":176,"column":24}},"type":"cond-expr","locations":[{"start":{"line":176,"column":18},"end":{"line":176,"column":20}},{"start":{"line":176,"column":18},"end":{"line":176,"column":24}}]},"67":{"loc":{"start":{"line":176,"column":4},"end":{"line":176,"column":20}},"type":"binary-expr","locations":[{"start":{"line":176,"column":4},"end":{"line":176,"column":20}},{"start":{"line":176,"column":18},"end":{"line":176,"column":20}}]},"68":{"loc":{"start":{"line":178,"column":14},"end":{"line":178,"column":43}},"type":"binary-expr","locations":[{"start":{"line":178,"column":14},"end":{"line":178,"column":36}},{"start":{"line":178,"column":40},"end":{"line":178,"column":43}}]},"69":{"loc":{"start":{"line":178,"column":14},"end":{"line":178,"column":36}},"type":"cond-expr","locations":[{"start":{"line":178,"column":28},"end":{"line":178,"column":30}},{"start":{"line":178,"column":28},"end":{"line":178,"column":36}}]},"70":{"loc":{"start":{"line":178,"column":14},"end":{"line":178,"column":30}},"type":"binary-expr","locations":[{"start":{"line":178,"column":14},"end":{"line":178,"column":30}},{"start":{"line":178,"column":28},"end":{"line":178,"column":30}}]},"71":{"loc":{"start":{"line":180,"column":5},"end":{"line":180,"column":63}},"type":"binary-expr","locations":[{"start":{"line":180,"column":5},"end":{"line":180,"column":34}},{"start":{"line":180,"column":38},"end":{"line":180,"column":63}}]},"72":{"loc":{"start":{"line":180,"column":5},"end":{"line":180,"column":34}},"type":"cond-expr","locations":[{"start":{"line":180,"column":25},"end":{"line":180,"column":27}},{"start":{"line":180,"column":25},"end":{"line":180,"column":34}}]},"73":{"loc":{"start":{"line":180,"column":5},"end":{"line":180,"column":27}},"type":"binary-expr","locations":[{"start":{"line":180,"column":5},"end":{"line":180,"column":27}},{"start":{"line":180,"column":25},"end":{"line":180,"column":27}}]},"74":{"loc":{"start":{"line":180,"column":5},"end":{"line":180,"column":25}},"type":"cond-expr","locations":[{"start":{"line":180,"column":19},"end":{"line":180,"column":21}},{"start":{"line":180,"column":19},"end":{"line":180,"column":25}}]},"75":{"loc":{"start":{"line":180,"column":5},"end":{"line":180,"column":21}},"type":"binary-expr","locations":[{"start":{"line":180,"column":5},"end":{"line":180,"column":21}},{"start":{"line":180,"column":19},"end":{"line":180,"column":21}}]},"76":{"loc":{"start":{"line":181,"column":11},"end":{"line":181,"column":56}},"type":"binary-expr","locations":[{"start":{"line":181,"column":11},"end":{"line":181,"column":39}},{"start":{"line":181,"column":43},"end":{"line":181,"column":56}}]},"77":{"loc":{"start":{"line":181,"column":11},"end":{"line":181,"column":39}},"type":"cond-expr","locations":[{"start":{"line":181,"column":31},"end":{"line":181,"column":33}},{"start":{"line":181,"column":31},"end":{"line":181,"column":39}}]},"78":{"loc":{"start":{"line":181,"column":11},"end":{"line":181,"column":33}},"type":"binary-expr","locations":[{"start":{"line":181,"column":11},"end":{"line":181,"column":33}},{"start":{"line":181,"column":31},"end":{"line":181,"column":33}}]},"79":{"loc":{"start":{"line":181,"column":11},"end":{"line":181,"column":31}},"type":"cond-expr","locations":[{"start":{"line":181,"column":25},"end":{"line":181,"column":27}},{"start":{"line":181,"column":25},"end":{"line":181,"column":31}}]},"80":{"loc":{"start":{"line":181,"column":11},"end":{"line":181,"column":27}},"type":"binary-expr","locations":[{"start":{"line":181,"column":11},"end":{"line":181,"column":27}},{"start":{"line":181,"column":25},"end":{"line":181,"column":27}}]},"81":{"loc":{"start":{"line":195,"column":3},"end":{"line":198,"column":4}},"type":"if","locations":[{"start":{"line":195,"column":3},"end":{"line":198,"column":4}}]},"82":{"loc":{"start":{"line":195,"column":7},"end":{"line":195,"column":19}},"type":"cond-expr","locations":[{"start":{"line":195,"column":15},"end":{"line":195,"column":17}},{"start":{"line":195,"column":15},"end":{"line":195,"column":19}}]},"83":{"loc":{"start":{"line":195,"column":7},"end":{"line":195,"column":17}},"type":"binary-expr","locations":[{"start":{"line":195,"column":7},"end":{"line":195,"column":17}},{"start":{"line":195,"column":15},"end":{"line":195,"column":17}}]},"84":{"loc":{"start":{"line":199,"column":3},"end":{"line":204,"column":4}},"type":"if","locations":[{"start":{"line":199,"column":3},"end":{"line":204,"column":4}}]},"85":{"loc":{"start":{"line":212,"column":4},"end":{"line":212,"column":41}},"type":"binary-expr","locations":[{"start":{"line":212,"column":4},"end":{"line":212,"column":24}},{"start":{"line":212,"column":28},"end":{"line":212,"column":41}}]},"86":{"loc":{"start":{"line":212,"column":4},"end":{"line":212,"column":24}},"type":"cond-expr","locations":[{"start":{"line":212,"column":18},"end":{"line":212,"column":20}},{"start":{"line":212,"column":18},"end":{"line":212,"column":24}}]},"87":{"loc":{"start":{"line":212,"column":4},"end":{"line":212,"column":20}},"type":"binary-expr","locations":[{"start":{"line":212,"column":4},"end":{"line":212,"column":20}},{"start":{"line":212,"column":18},"end":{"line":212,"column":20}}]},"88":{"loc":{"start":{"line":214,"column":14},"end":{"line":214,"column":43}},"type":"binary-expr","locations":[{"start":{"line":214,"column":14},"end":{"line":214,"column":36}},{"start":{"line":214,"column":40},"end":{"line":214,"column":43}}]},"89":{"loc":{"start":{"line":214,"column":14},"end":{"line":214,"column":36}},"type":"cond-expr","locations":[{"start":{"line":214,"column":28},"end":{"line":214,"column":30}},{"start":{"line":214,"column":28},"end":{"line":214,"column":36}}]},"90":{"loc":{"start":{"line":214,"column":14},"end":{"line":214,"column":30}},"type":"binary-expr","locations":[{"start":{"line":214,"column":14},"end":{"line":214,"column":30}},{"start":{"line":214,"column":28},"end":{"line":214,"column":30}}]},"91":{"loc":{"start":{"line":216,"column":5},"end":{"line":216,"column":63}},"type":"binary-expr","locations":[{"start":{"line":216,"column":5},"end":{"line":216,"column":34}},{"start":{"line":216,"column":38},"end":{"line":216,"column":63}}]},"92":{"loc":{"start":{"line":216,"column":5},"end":{"line":216,"column":34}},"type":"cond-expr","locations":[{"start":{"line":216,"column":25},"end":{"line":216,"column":27}},{"start":{"line":216,"column":25},"end":{"line":216,"column":34}}]},"93":{"loc":{"start":{"line":216,"column":5},"end":{"line":216,"column":27}},"type":"binary-expr","locations":[{"start":{"line":216,"column":5},"end":{"line":216,"column":27}},{"start":{"line":216,"column":25},"end":{"line":216,"column":27}}]},"94":{"loc":{"start":{"line":216,"column":5},"end":{"line":216,"column":25}},"type":"cond-expr","locations":[{"start":{"line":216,"column":19},"end":{"line":216,"column":21}},{"start":{"line":216,"column":19},"end":{"line":216,"column":25}}]},"95":{"loc":{"start":{"line":216,"column":5},"end":{"line":216,"column":21}},"type":"binary-expr","locations":[{"start":{"line":216,"column":5},"end":{"line":216,"column":21}},{"start":{"line":216,"column":19},"end":{"line":216,"column":21}}]},"96":{"loc":{"start":{"line":217,"column":11},"end":{"line":217,"column":56}},"type":"binary-expr","locations":[{"start":{"line":217,"column":11},"end":{"line":217,"column":39}},{"start":{"line":217,"column":43},"end":{"line":217,"column":56}}]},"97":{"loc":{"start":{"line":217,"column":11},"end":{"line":217,"column":39}},"type":"cond-expr","locations":[{"start":{"line":217,"column":31},"end":{"line":217,"column":33}},{"start":{"line":217,"column":31},"end":{"line":217,"column":39}}]},"98":{"loc":{"start":{"line":217,"column":11},"end":{"line":217,"column":33}},"type":"binary-expr","locations":[{"start":{"line":217,"column":11},"end":{"line":217,"column":33}},{"start":{"line":217,"column":31},"end":{"line":217,"column":33}}]},"99":{"loc":{"start":{"line":217,"column":11},"end":{"line":217,"column":31}},"type":"cond-expr","locations":[{"start":{"line":217,"column":25},"end":{"line":217,"column":27}},{"start":{"line":217,"column":25},"end":{"line":217,"column":31}}]},"100":{"loc":{"start":{"line":217,"column":11},"end":{"line":217,"column":27}},"type":"binary-expr","locations":[{"start":{"line":217,"column":11},"end":{"line":217,"column":27}},{"start":{"line":217,"column":25},"end":{"line":217,"column":27}}]}},"s":{"0":1,"1":1,"2":1,"3":25,"4":25,"5":7,"6":7,"7":1,"8":1,"9":6,"10":6,"11":2,"12":2,"13":4,"14":4,"15":2,"16":1,"17":1,"18":1,"19":1,"20":1,"21":2,"22":2,"23":4,"24":4,"25":2,"26":1,"27":1,"28":1,"29":2,"30":2,"31":6,"32":6,"33":6,"34":6,"35":1,"36":1,"37":1,"38":5,"39":5,"40":3,"41":1,"42":1,"43":2,"44":2,"45":2,"46":2,"47":2,"48":2,"49":2,"50":4,"51":4,"52":2,"53":1,"54":1,"55":1,"56":1,"57":2,"58":2,"59":4,"60":4,"61":3,"62":1,"63":1,"64":2,"65":1,"66":1,"67":1,"68":1,"69":1,"70":1,"71":1},"f":{"0":25,"1":7,"2":4,"3":6,"4":4,"5":4},"b":{"0":[1],"1":[1,5],"2":[6,6],"3":[2],"4":[1],"5":[2,1],"6":[1,1],"7":[2,2],"8":[2,1],"9":[1,1],"10":[2,2],"11":[2,1],"12":[1,1],"13":[2,2],"14":[1,1],"15":[2,2],"16":[2,2],"17":[1,1],"18":[2,2],"19":[1,1],"20":[2,2],"21":[1],"22":[0,2],"23":[2,2],"24":[2,1],"25":[1,1],"26":[2,2],"27":[2,1],"28":[1,1],"29":[2,2],"30":[2,1],"31":[1,1],"32":[2,2],"33":[1,1],"34":[2,2],"35":[2,2],"36":[1,1],"37":[2,2],"38":[1,1],"39":[2,2],"40":[1],"41":[1],"42":[0,3],"43":[3,3],"44":[2,1],"45":[2],"46":[2,1],"47":[1,1],"48":[2,2],"49":[2,1],"50":[1,1],"51":[2,2],"52":[2,1],"53":[1,1],"54":[2,2],"55":[1,1],"56":[2,2],"57":[2,2],"58":[1,1],"59":[2,2],"60":[1,1],"61":[2,2],"62":[1],"63":[0,2],"64":[2,2],"65":[2,1],"66":[1,1],"67":[2,2],"68":[2,1],"69":[1,1],"70":[2,2],"71":[2,1],"72":[1,1],"73":[2,2],"74":[1,1],"75":[2,2],"76":[2,2],"77":[1,1],"78":[2,2],"79":[1,1],"80":[2,2],"81":[1],"82":[0,3],"83":[3,3],"84":[1],"85":[1,0],"86":[0,1],"87":[1,1],"88":[1,0],"89":[0,1],"90":[1,1],"91":[1,0],"92":[0,1],"93":[1,1],"94":[0,1],"95":[1,1],"96":[1,1],"97":[0,1],"98":[1,1],"99":[0,1],"100":[1,1]}}
}
