TN:
SF:src\config\config.ts
FNF:0
FNH:0
DA:1,5
DA:3,5
DA:9,5
DA:10,5
DA:11,5
DA:12,5
DA:21,5
LF:7
LH:7
BRDA:5,0,0,5
BRDA:5,0,1,1
BRDA:9,1,0,5
BRDA:9,1,1,1
BRDA:10,2,0,2
BRDA:10,2,1,3
BRDA:10,3,0,5
BRDA:10,3,1,5
BRDA:11,4,0,3
BRDA:11,4,1,2
BRDA:11,5,0,5
BRDA:11,5,1,5
BRDA:12,6,0,2
BRDA:12,6,1,3
BRDA:12,7,0,5
BRDA:12,7,1,5
BRF:16
BRH:16
end_of_record
TN:
SF:src\controllers\shippingController.ts
FN:7,(anonymous_8)
FN:11,(anonymous_9)
FN:68,(anonymous_11)
FN:94,(anonymous_13)
FN:156,(anonymous_15)
FN:186,(anonymous_17)
FNF:6
FNH:6
FNDA:25,(anonymous_8)
FNDA:7,(anonymous_9)
FNDA:4,(anonymous_11)
FNDA:6,(anonymous_13)
FNDA:4,(anonymous_15)
FNDA:4,(anonymous_17)
DA:2,1
DA:3,1
DA:4,1
DA:7,1
DA:8,25
DA:9,25
DA:16,7
DA:17,7
DA:18,1
DA:19,1
DA:22,6
DA:23,6
DA:24,2
DA:25,2
DA:28,4
DA:29,4
DA:32,2
DA:34,1
DA:37,1
DA:40,1
DA:50,1
DA:54,1
DA:56,2
DA:60,2
DA:73,4
DA:74,4
DA:77,2
DA:78,1
DA:79,1
DA:81,1
DA:83,2
DA:87,2
DA:99,6
DA:100,6
DA:101,6
DA:102,6
DA:103,1
DA:104,1
DA:105,1
DA:108,5
DA:109,5
DA:112,3
DA:113,1
DA:114,1
DA:117,2
DA:124,2
DA:130,2
DA:131,2
DA:142,2
DA:144,2
DA:148,2
DA:161,4
DA:162,4
DA:165,2
DA:166,1
DA:167,1
DA:169,1
DA:172,1
DA:174,2
DA:178,2
DA:191,4
DA:192,4
DA:195,3
DA:196,1
DA:197,1
DA:199,2
DA:200,1
DA:203,1
DA:205,1
DA:208,1
DA:210,1
DA:214,1
LF:72
LH:72
BRDA:17,0,0,1
BRDA:22,1,0,1
BRDA:22,1,1,5
BRDA:22,2,0,6
BRDA:22,2,1,6
BRDA:23,3,0,2
BRDA:32,4,0,1
BRDA:58,5,0,2
BRDA:58,5,1,1
BRDA:58,6,0,1
BRDA:58,6,1,1
BRDA:58,7,0,2
BRDA:58,7,1,2
BRDA:60,8,0,2
BRDA:60,8,1,1
BRDA:60,9,0,1
BRDA:60,9,1,1
BRDA:60,10,0,2
BRDA:60,10,1,2
BRDA:62,11,0,2
BRDA:62,11,1,1
BRDA:62,12,0,1
BRDA:62,12,1,1
BRDA:62,13,0,2
BRDA:62,13,1,2
BRDA:62,14,0,1
BRDA:62,14,1,1
BRDA:62,15,0,2
BRDA:62,15,1,2
BRDA:63,16,0,2
BRDA:63,16,1,2
BRDA:63,17,0,1
BRDA:63,17,1,1
BRDA:63,18,0,2
BRDA:63,18,1,2
BRDA:63,19,0,1
BRDA:63,19,1,1
BRDA:63,20,0,2
BRDA:63,20,1,2
BRDA:77,21,0,1
BRDA:77,22,0,0
BRDA:77,22,1,2
BRDA:77,23,0,2
BRDA:77,23,1,2
BRDA:85,24,0,2
BRDA:85,24,1,1
BRDA:85,25,0,1
BRDA:85,25,1,1
BRDA:85,26,0,2
BRDA:85,26,1,2
BRDA:87,27,0,2
BRDA:87,27,1,1
BRDA:87,28,0,1
BRDA:87,28,1,1
BRDA:87,29,0,2
BRDA:87,29,1,2
BRDA:88,30,0,2
BRDA:88,30,1,1
BRDA:88,31,0,1
BRDA:88,31,1,1
BRDA:88,32,0,2
BRDA:88,32,1,2
BRDA:88,33,0,1
BRDA:88,33,1,1
BRDA:88,34,0,2
BRDA:88,34,1,2
BRDA:89,35,0,2
BRDA:89,35,1,2
BRDA:89,36,0,1
BRDA:89,36,1,1
BRDA:89,37,0,2
BRDA:89,37,1,2
BRDA:89,38,0,1
BRDA:89,38,1,1
BRDA:89,39,0,2
BRDA:89,39,1,2
BRDA:102,40,0,1
BRDA:112,41,0,1
BRDA:112,42,0,0
BRDA:112,42,1,3
BRDA:112,43,0,3
BRDA:112,43,1,3
BRDA:120,44,0,2
BRDA:120,44,1,1
BRDA:130,45,0,2
BRDA:146,46,0,2
BRDA:146,46,1,1
BRDA:146,47,0,1
BRDA:146,47,1,1
BRDA:146,48,0,2
BRDA:146,48,1,2
BRDA:148,49,0,2
BRDA:148,49,1,1
BRDA:148,50,0,1
BRDA:148,50,1,1
BRDA:148,51,0,2
BRDA:148,51,1,2
BRDA:150,52,0,2
BRDA:150,52,1,1
BRDA:150,53,0,1
BRDA:150,53,1,1
BRDA:150,54,0,2
BRDA:150,54,1,2
BRDA:150,55,0,1
BRDA:150,55,1,1
BRDA:150,56,0,2
BRDA:150,56,1,2
BRDA:151,57,0,2
BRDA:151,57,1,2
BRDA:151,58,0,1
BRDA:151,58,1,1
BRDA:151,59,0,2
BRDA:151,59,1,2
BRDA:151,60,0,1
BRDA:151,60,1,1
BRDA:151,61,0,2
BRDA:151,61,1,2
BRDA:165,62,0,1
BRDA:165,63,0,0
BRDA:165,63,1,2
BRDA:165,64,0,2
BRDA:165,64,1,2
BRDA:176,65,0,2
BRDA:176,65,1,1
BRDA:176,66,0,1
BRDA:176,66,1,1
BRDA:176,67,0,2
BRDA:176,67,1,2
BRDA:178,68,0,2
BRDA:178,68,1,1
BRDA:178,69,0,1
BRDA:178,69,1,1
BRDA:178,70,0,2
BRDA:178,70,1,2
BRDA:180,71,0,2
BRDA:180,71,1,1
BRDA:180,72,0,1
BRDA:180,72,1,1
BRDA:180,73,0,2
BRDA:180,73,1,2
BRDA:180,74,0,1
BRDA:180,74,1,1
BRDA:180,75,0,2
BRDA:180,75,1,2
BRDA:181,76,0,2
BRDA:181,76,1,2
BRDA:181,77,0,1
BRDA:181,77,1,1
BRDA:181,78,0,2
BRDA:181,78,1,2
BRDA:181,79,0,1
BRDA:181,79,1,1
BRDA:181,80,0,2
BRDA:181,80,1,2
BRDA:195,81,0,1
BRDA:195,82,0,0
BRDA:195,82,1,3
BRDA:195,83,0,3
BRDA:195,83,1,3
BRDA:199,84,0,1
BRDA:212,85,0,1
BRDA:212,85,1,0
BRDA:212,86,0,0
BRDA:212,86,1,1
BRDA:212,87,0,1
BRDA:212,87,1,1
BRDA:214,88,0,1
BRDA:214,88,1,0
BRDA:214,89,0,0
BRDA:214,89,1,1
BRDA:214,90,0,1
BRDA:214,90,1,1
BRDA:216,91,0,1
BRDA:216,91,1,0
BRDA:216,92,0,0
BRDA:216,92,1,1
BRDA:216,93,0,1
BRDA:216,93,1,1
BRDA:216,94,0,0
BRDA:216,94,1,1
BRDA:216,95,0,1
BRDA:216,95,1,1
BRDA:217,96,0,1
BRDA:217,96,1,1
BRDA:217,97,0,0
BRDA:217,97,1,1
BRDA:217,98,0,1
BRDA:217,98,1,1
BRDA:217,99,0,0
BRDA:217,99,1,1
BRDA:217,100,0,1
BRDA:217,100,1,1
BRF:192
BRH:179
end_of_record
